                                         The SAS System           19:06 Monday, March 3, 2008   1

Obs  NUMERIC             NUMER16                    NUMER16B                 NUMER17

  1 [missing]     [missing]                  [missing]                  One
  2 [missing]    Deux manquant [missing]     [missing]                  Two
  3 [missing]     [missing]                 Trois manquant [missing]    Three
  4         4     [missing]                  [missing]                                  4
  5         5     [missing]                  [missing]                                  5
  6         6                          6                           6                    6
  7         7                          7                           7                    7
  8         8                          8                           8                    8
  9         9                          9                           9                    9
 10        10                         10     [missing]                                 10
 11        11                         11                          11                   11
 12        12                         12                          12                   12

Obs                          NUMER32    COMMA      DOT SCIENT01    SCIENT02           SCIENTB2

  1                             1.00 1,111.00     1.11     1.00 One                       1.00
  2                             2.00     2.00   200.00     2.00              2            2.00
  3                             3.00     3.00   300.00     3.10              3            3.00
  4                             4.00     4.00   400.00     4.00              4            4.00
  5                             5.00     5.00   500.00     5.00              5            5.00
  6                             6.00     6.00   600.00     6.00            6.6            6.00
  7                             7.00     7.00   700.00     7.00              7            7.00
  8                             8.00     8.00   800.00     8.00              8            8.00
  9                             9.00     9.00   900.00    -9.00             -9            9.00
 10                            10.00    10.00 1,000.00    10.00             10           10.00
 11                            11.00    11.00 1,100.00  1100.00           1100         1100.00
 12                            12.00    12.00 1,200.00 120000.0         120000       120000.00

Obs          SCIENTC2   SCIENT03 SCIENT04    DATE01    DATE02     DATE03   DATE04     DATE05

  1              1.00     1.1230     0.01 01JAN2007 01JAN2007 01/01/2007 01/01/07 01/01/2007
  2              2.00     2.0000     0.02 02FEB2007 02FEB2007          .        .          .
  3              3.00     3.0000     0.03 03MAR1998 03MAR1998          .        .          .
  4              4.00     4.0000     0.04 04APR1931 04APR1931          .        .          .
  5              5.00     5.0000     0.05 05MAY1965 05JUN1965          .        .          .
  6              6.00     6.6000     0.07 06JUN2006 06JUN2006          .        .          .
  7              7.00     7.0000     0.07 07JUL2017 07JUL2017          .        .          .
  8              8.00     8.0000     0.08 18AUG2088 08AUG1988          .        .          .
  9              9.00    -9.0000    -0.09 09SEP2009 09SEP2009          .        .          .
 10             10.00    10.0000     0.10 10OCT2010 10OCT2000          .        .          .
 11           1100.00  1100.0000    10.00 11NOV1911 11NOV2011          .        .          .
 12         120000.00 121200.000  1000.00 31DEC2006 31DEC2006          .        .          .
                                         The SAS System           19:06 Monday, March 3, 2008   2

Obs   DATE06  DATE07 DATE08 DATE09   DATE10  DATE11 DATE12 DATE13     DATE14              DATE15

  1 01/01/07 2007361 07360  1 Q 2007 1 Q 07 JAN2001  JAN01  1 WK 2001  1 WK 01  01JAN07:13:01:00
  2        .       .     .  1 Q 2006 1 Q 06 FEB2001  FEB01  2 WK 2002  2 WK 02                 .
  3        .       .     .  2 Q 2009 2 Q 09 MAR2001  MAR01  3 WK 2003  3 WK 03                 .
  4        .       .     .  3 Q 1988 3 Q 88 APR2001  APR01  4 WK 2004  4 WK 04                 .
  5        .       .     .  1 Q 2000 1 Q 00 MAY2001  MAY01  5 WK 2005  5 WK 05                 .
  6        .       .     .  1 Q 2001 1 Q 01 JUN2001  JUN01  6 WK 2006  6 WK 06                 .
  7        .       .     .  2 Q 2002 2 Q 02 JUL2001  JUL01  7 WK 2007  7 WK 07                 .
  8        .       .     .  3 Q 1987 3 Q 87 AUG2001  AUG01  8 WK 2008  8 WK 08                 .
  9        .       .     .  1 Q 1989 1 Q 89 SEP2001  SEP01  9 WK 2009  9 WK 09                 .
 10        .       .     .  1 Q 2010 1 Q 10 OCT2001  OCT01 10 WK 2010 10 WK 10                 .
 11        .       .     .  2 Q 2011 2 Q 11 NOV2001  NOV01 11 WK 2011 11 WK 11                 .
 12        .       .     .  3 Q 2012 3 Q 12 DEC2001  DEC01 12 WK 2012 12 WK 12                 .

Obs               DATE16                   DATE17  DATE18    DATE19       DATE20  DATE21

  1   01JAN2007:13:01:00       01JAN2007:13:01:01  13:01   13:01:47     13:01:37  022:13:01
  2                    .                        .      .          .            .
  3                    .                        .      .          .            .
  4                    .                        .      .          .            .
  5                    .                        .      .          .            .
  6                    .                        .      .          .            .
  7                    .                        .      .          .            .
  8                    .                        .      .          .            .
  9                    .                        .      .          .            .
 10                    .                        .      .          .            .
 11                    .                        .      .          .            .
 12                    .                        .      .          .            .

Obs DATE22       DATE23          DATE24    DATE25 DATE26          DOLLAR  CUSTOMA CUSTOMB STR8

  1 022:13:01:22 022:13:01:24.58    MONDAY  MON    JAN              1.00     1.00      1  one
  2                                TUESDAY  TUE    FEB              2.00     2.22      2  two
  3                              WEDNESDAY  WED    MAR              3.00  -333.30      3  three
  4                               THURSDAY  THU    APR              4.00 4,400.00      4  four
  5                                 FRIDAY  FRI    MAY              5.00 5,555.00      5  five
  6                               SATURDAY  SAT    JUN              6.00   -66.00      6  six
  7                                 SUNDAY  SUN    JUL            700.00    -7.00      7  seven
  8                                 MONDAY  MON    AUG          8,000.00   888.00      8  eight
  9                                TUESDAY  TUE    SEP           -900.00    99.99      9  nine
 10                              WEDNESDAY  WED    OCT        -10,000.00    10.00      .  ten
 11                               THURSDAY  THU    NOV      1,100,000.00    11.00      .  eleven
 12                                 FRIDAY  FRI    DEC             -1.20    12.00      .  twelve
                                         The SAS System           19:06 Monday, March 3, 2008   3

Obs STR250

  1 two hundred and fifty
  2         8 spaces in front
  3 this is a looooooooong string
  4 the quick brown fox jumps over the lazy dog
  5 Lorem ipsum dolor sit amet, consectetur adipisicing elit, sed do eiusmod tempor incididunt ut
  6 Contains "double-quotes"
  7
  8
  9
 10
 11
 12

Obs YESNOMAY       WEIGHT1

  1  No                 10
  2  Yes                20
  3  Maybe              30
  4  Maybe              40
  5  Maybe              50
  6  Yes                60
  7  Yes                70
  8      .              80
  9  Maybe              90
 10      .             100
 11  Yes            110000
 12  No           12000000
                                         The SAS System           19:06 Monday, March 3, 2008   4

                                       The FREQ Procedure

                                         Numeric variable

                                                        Cumulative    Cumulative
                    NUMERIC    Frequency     Percent     Frequency      Percent
                 ƒƒƒƒƒƒƒƒƒƒƒƒƒƒƒƒƒƒƒƒƒƒƒƒƒƒƒƒƒƒƒƒƒƒƒƒƒƒƒƒƒƒƒƒƒƒƒƒƒƒƒƒƒƒƒƒƒƒƒƒƒƒƒ
                  [missing]           3       25.00             3        25.00
                          4           1        8.33             4        33.33
                          5           1        8.33             5        41.67
                          6           1        8.33             6        50.00
                          7           1        8.33             7        58.33
                          8           1        8.33             8        66.67
                          9           1        8.33             9        75.00
                         10           1        8.33            10        83.33
                         11           1        8.33            11        91.67
                         12           1        8.33            12       100.00


                                          Numeric 16.2

                                                              Cumulative    Cumulative
                          NUMER16    Frequency     Percent     Frequency      Percent
          ƒƒƒƒƒƒƒƒƒƒƒƒƒƒƒƒƒƒƒƒƒƒƒƒƒƒƒƒƒƒƒƒƒƒƒƒƒƒƒƒƒƒƒƒƒƒƒƒƒƒƒƒƒƒƒƒƒƒƒƒƒƒƒƒƒƒƒƒƒƒƒƒƒƒƒƒ
           [missing]                        4       33.33             4        33.33
          Deux manquant [missing]           1        8.33             5        41.67
                                6           1        8.33             6        50.00
                                7           1        8.33             7        58.33
                                8           1        8.33             8        66.67
                                9           1        8.33             9        75.00
                               10           1        8.33            10        83.33
                               11           1        8.33            11        91.67
                               12           1        8.33            12       100.00


                                           Numeric 16.0

                                                               Cumulative    Cumulative
                          NUMER16B    Frequency     Percent     Frequency      Percent
          ƒƒƒƒƒƒƒƒƒƒƒƒƒƒƒƒƒƒƒƒƒƒƒƒƒƒƒƒƒƒƒƒƒƒƒƒƒƒƒƒƒƒƒƒƒƒƒƒƒƒƒƒƒƒƒƒƒƒƒƒƒƒƒƒƒƒƒƒƒƒƒƒƒƒƒƒƒ
           [missing]                         5       41.67             5        41.67
          Trois manquant [missing]           1        8.33             6        50.00
                                 6           1        8.33             7        58.33
                                 7           1        8.33             8        66.67
                                 8           1        8.33             9        75.00
                                 9           1        8.33            10        83.33
                                11           1        8.33            11        91.67
                                12           1        8.33            12       100.00
                                         The SAS System           19:06 Monday, March 3, 2008   5

                                       The FREQ Procedure

                                          Numeric 17.2

                                                           Cumulative    Cumulative
                       NUMER17    Frequency     Percent     Frequency      Percent
             ƒƒƒƒƒƒƒƒƒƒƒƒƒƒƒƒƒƒƒƒƒƒƒƒƒƒƒƒƒƒƒƒƒƒƒƒƒƒƒƒƒƒƒƒƒƒƒƒƒƒƒƒƒƒƒƒƒƒƒƒƒƒƒƒƒƒƒƒƒƒ
             One                         1        8.33             1         8.33
             Two                         1        8.33             2        16.67
             Three                       1        8.33             3        25.00
                             4           1        8.33             4        33.33
                             5           1        8.33             5        41.67
                             6           1        8.33             6        50.00
                             7           1        8.33             7        58.33
                             8           1        8.33             8        66.67
                             9           1        8.33             9        75.00
                            10           1        8.33            10        83.33
                            11           1        8.33            11        91.67
                            12           1        8.33            12       100.00


                                          Numeric 32.2

                                                      Cumulative    Cumulative
                  NUMER32    Frequency     Percent     Frequency      Percent
                  ƒƒƒƒƒƒƒƒƒƒƒƒƒƒƒƒƒƒƒƒƒƒƒƒƒƒƒƒƒƒƒƒƒƒƒƒƒƒƒƒƒƒƒƒƒƒƒƒƒƒƒƒƒƒƒƒƒƒƒƒ
                     1.00           1        8.33             1         8.33
                     2.00           1        8.33             2        16.67
                     3.00           1        8.33             3        25.00
                     4.00           1        8.33             4        33.33
                     5.00           1        8.33             5        41.67
                     6.00           1        8.33             6        50.00
                     7.00           1        8.33             7        58.33
                     8.00           1        8.33             8        66.67
                     9.00           1        8.33             9        75.00
                    10.00           1        8.33            10        83.33
                    11.00           1        8.33            11        91.67
                    12.00           1        8.33            12       100.00


                                         The SAS System           19:06 Monday, March 3, 2008   6

                                       The FREQ Procedure

                                          Comma variable

                                                       Cumulative    Cumulative
                     COMMA    Frequency     Percent     Frequency      Percent
                  ƒƒƒƒƒƒƒƒƒƒƒƒƒƒƒƒƒƒƒƒƒƒƒƒƒƒƒƒƒƒƒƒƒƒƒƒƒƒƒƒƒƒƒƒƒƒƒƒƒƒƒƒƒƒƒƒƒƒƒƒƒ
                      2.00           1        8.33             1         8.33
                      3.00           1        8.33             2        16.67
                      4.00           1        8.33             3        25.00
                      5.00           1        8.33             4        33.33
                      6.00           1        8.33             5        41.67
                      7.00           1        8.33             6        50.00
                      8.00           1        8.33             7        58.33
                      9.00           1        8.33             8        66.67
                     10.00           1        8.33             9        75.00
                     11.00           1        8.33            10        83.33
                     12.00           1        8.33            11        91.67
                  1,111.00           1        8.33            12       100.00


                                           Dot variable

                                                       Cumulative    Cumulative
                       DOT    Frequency     Percent     Frequency      Percent
                  ƒƒƒƒƒƒƒƒƒƒƒƒƒƒƒƒƒƒƒƒƒƒƒƒƒƒƒƒƒƒƒƒƒƒƒƒƒƒƒƒƒƒƒƒƒƒƒƒƒƒƒƒƒƒƒƒƒƒƒƒƒ
                      1.11           1        8.33             1         8.33
                    200.00           1        8.33             2        16.67
                    300.00           1        8.33             3        25.00
                    400.00           1        8.33             4        33.33
                    500.00           1        8.33             5        41.67
                    600.00           1        8.33             6        50.00
                    700.00           1        8.33             7        58.33
                    800.00           1        8.33             8        66.67
                    900.00           1        8.33             9        75.00
                  1,000.00           1        8.33            10        83.33
                  1,100.00           1        8.33            11        91.67
                  1,200.00           1        8.33            12       100.00


                                         The SAS System           19:06 Monday, March 3, 2008   7

                                       The FREQ Procedure

                                          Scientific 8.2

                                                       Cumulative    Cumulative
                  SCIENT01    Frequency     Percent     Frequency      Percent
                  ƒƒƒƒƒƒƒƒƒƒƒƒƒƒƒƒƒƒƒƒƒƒƒƒƒƒƒƒƒƒƒƒƒƒƒƒƒƒƒƒƒƒƒƒƒƒƒƒƒƒƒƒƒƒƒƒƒƒƒƒƒ
                     -9.00           1        8.33             1         8.33
                      1.00           1        8.33             2        16.67
                      2.00           1        8.33             3        25.00
                      3.10           1        8.33             4        33.33
                      4.00           1        8.33             5        41.67
                      5.00           1        8.33             6        50.00
                      6.00           1        8.33             7        58.33
                      7.00           1        8.33             8        66.67
                      8.00           1        8.33             9        75.00
                     10.00           1        8.33            10        83.33
                   1100.00           1        8.33            11        91.67
                  120000.0           1        8.33            12       100.00


                                         Scientific 16.2

                                                          Cumulative    Cumulative
                     SCIENT02    Frequency     Percent     Frequency      Percent
               ƒƒƒƒƒƒƒƒƒƒƒƒƒƒƒƒƒƒƒƒƒƒƒƒƒƒƒƒƒƒƒƒƒƒƒƒƒƒƒƒƒƒƒƒƒƒƒƒƒƒƒƒƒƒƒƒƒƒƒƒƒƒƒƒƒƒƒ
                           -9           1        8.33             1         8.33
               One                      1        8.33             2        16.67
                            2           1        8.33             3        25.00
                            3           1        8.33             4        33.33
                            4           1        8.33             5        41.67
                            5           1        8.33             6        50.00
                          6.6           1        8.33             7        58.33
                            7           1        8.33             8        66.67
                            8           1        8.33             9        75.00
                           10           1        8.33            10        83.33
                         1100           1        8.33            11        91.67
                       120000           1        8.33            12       100.00


                                         The SAS System           19:06 Monday, March 3, 2008   8

                                       The FREQ Procedure

                                         Scientific 15.2

                                                       Cumulative    Cumulative
                  SCIENTB2    Frequency     Percent     Frequency      Percent
                 ƒƒƒƒƒƒƒƒƒƒƒƒƒƒƒƒƒƒƒƒƒƒƒƒƒƒƒƒƒƒƒƒƒƒƒƒƒƒƒƒƒƒƒƒƒƒƒƒƒƒƒƒƒƒƒƒƒƒƒƒƒƒ
                      1.00           1        8.33             1         8.33
                      2.00           1        8.33             2        16.67
                      3.00           1        8.33             3        25.00
                      4.00           1        8.33             4        33.33
                      5.00           1        8.33             5        41.67
                      6.00           1        8.33             6        50.00
                      7.00           1        8.33             7        58.33
                      8.00           1        8.33             8        66.67
                      9.00           1        8.33             9        75.00
                     10.00           1        8.33            10        83.33
                   1100.00           1        8.33            11        91.67
                 120000.00           1        8.33            12       100.00


                                         Scientific 17.2

                                                       Cumulative    Cumulative
                  SCIENTC2    Frequency     Percent     Frequency      Percent
                 ƒƒƒƒƒƒƒƒƒƒƒƒƒƒƒƒƒƒƒƒƒƒƒƒƒƒƒƒƒƒƒƒƒƒƒƒƒƒƒƒƒƒƒƒƒƒƒƒƒƒƒƒƒƒƒƒƒƒƒƒƒƒ
                      1.00           1        8.33             1         8.33
                      2.00           1        8.33             2        16.67
                      3.00           1        8.33             3        25.00
                      4.00           1        8.33             4        33.33
                      5.00           1        8.33             5        41.67
                      6.00           1        8.33             6        50.00
                      7.00           1        8.33             7        58.33
                      8.00           1        8.33             8        66.67
                      9.00           1        8.33             9        75.00
                     10.00           1        8.33            10        83.33
                   1100.00           1        8.33            11        91.67
                 120000.00           1        8.33            12       100.00


                                         The SAS System           19:06 Monday, March 3, 2008   9

                                       The FREQ Procedure

                                         Scientific 10.4

                                                        Cumulative    Cumulative
                   SCIENT03    Frequency     Percent     Frequency      Percent
                 ƒƒƒƒƒƒƒƒƒƒƒƒƒƒƒƒƒƒƒƒƒƒƒƒƒƒƒƒƒƒƒƒƒƒƒƒƒƒƒƒƒƒƒƒƒƒƒƒƒƒƒƒƒƒƒƒƒƒƒƒƒƒƒ
                    -9.0000           1        8.33             1         8.33
                     1.1230           1        8.33             2        16.67
                     2.0000           1        8.33             3        25.00
                     3.0000           1        8.33             4        33.33
                     4.0000           1        8.33             5        41.67
                     5.0000           1        8.33             6        50.00
                     6.6000           1        8.33             7        58.33
                     7.0000           1        8.33             8        66.67
                     8.0000           1        8.33             9        75.00
                    10.0000           1        8.33            10        83.33
                  1100.0000           1        8.33            11        91.67
                 121200.000           1        8.33            12       100.00


                                          Scientific 8.0

                                                       Cumulative    Cumulative
                  SCIENT04    Frequency     Percent     Frequency      Percent
                  ƒƒƒƒƒƒƒƒƒƒƒƒƒƒƒƒƒƒƒƒƒƒƒƒƒƒƒƒƒƒƒƒƒƒƒƒƒƒƒƒƒƒƒƒƒƒƒƒƒƒƒƒƒƒƒƒƒƒƒƒƒ
                     -0.09           1        8.33             1         8.33
                      0.01           1        8.33             2        16.67
                      0.02           1        8.33             3        25.00
                      0.03           1        8.33             4        33.33
                      0.04           1        8.33             5        41.67
                      0.05           1        8.33             6        50.00
                      0.07           2       16.67             8        66.67
                      0.08           1        8.33             9        75.00
                      0.10           1        8.33            10        83.33
                     10.00           1        8.33            11        91.67
                   1000.00           1        8.33            12       100.00


                                         The SAS System           19:06 Monday, March 3, 2008  10

                                       The FREQ Procedure

                                        Date dd-mmm-yyyy

                                                       Cumulative    Cumulative
                    DATE01    Frequency     Percent     Frequency      Percent
                 ƒƒƒƒƒƒƒƒƒƒƒƒƒƒƒƒƒƒƒƒƒƒƒƒƒƒƒƒƒƒƒƒƒƒƒƒƒƒƒƒƒƒƒƒƒƒƒƒƒƒƒƒƒƒƒƒƒƒƒƒƒƒ
                 11NOV1911           1        8.33             1         8.33
                 04APR1931           1        8.33             2        16.67
                 05MAY1965           1        8.33             3        25.00
                 03MAR1998           1        8.33             4        33.33
                 06JUN2006           1        8.33             5        41.67
                 31DEC2006           1        8.33             6        50.00
                 01JAN2007           1        8.33             7        58.33
                 02FEB2007           1        8.33             8        66.67
                 09SEP2009           1        8.33             9        75.00
                 10OCT2010           1        8.33            10        83.33
                 07JUL2017           1        8.33            11        91.67
                 18AUG2088           1        8.33            12       100.00


                                         Date dd-mmm-yy

                                                       Cumulative    Cumulative
                    DATE02    Frequency     Percent     Frequency      Percent
                 ƒƒƒƒƒƒƒƒƒƒƒƒƒƒƒƒƒƒƒƒƒƒƒƒƒƒƒƒƒƒƒƒƒƒƒƒƒƒƒƒƒƒƒƒƒƒƒƒƒƒƒƒƒƒƒƒƒƒƒƒƒƒ
                 04APR1931           1        8.33             1         8.33
                 05JUN1965           1        8.33             2        16.67
                 08AUG1988           1        8.33             3        25.00
                 03MAR1998           1        8.33             4        33.33
                 10OCT2000           1        8.33             5        41.67
                 06JUN2006           1        8.33             6        50.00
                 31DEC2006           1        8.33             7        58.33
                 01JAN2007           1        8.33             8        66.67
                 02FEB2007           1        8.33             9        75.00
                 09SEP2009           1        8.33            10        83.33
                 11NOV2011           1        8.33            11        91.67
                 07JUL2017           1        8.33            12       100.00


                                         Date mm/dd/yyyy

                                                        Cumulative    Cumulative
                     DATE03    Frequency     Percent     Frequency      Percent
                 ƒƒƒƒƒƒƒƒƒƒƒƒƒƒƒƒƒƒƒƒƒƒƒƒƒƒƒƒƒƒƒƒƒƒƒƒƒƒƒƒƒƒƒƒƒƒƒƒƒƒƒƒƒƒƒƒƒƒƒƒƒƒƒ
                 01/01/2007           1      100.00             1       100.00

                                     Frequency Missing = 11
                                         The SAS System           19:06 Monday, March 3, 2008  11

                                       The FREQ Procedure

                                          Date mm/dd/yy

                                                       Cumulative    Cumulative
                    DATE04    Frequency     Percent     Frequency      Percent
                  ƒƒƒƒƒƒƒƒƒƒƒƒƒƒƒƒƒƒƒƒƒƒƒƒƒƒƒƒƒƒƒƒƒƒƒƒƒƒƒƒƒƒƒƒƒƒƒƒƒƒƒƒƒƒƒƒƒƒƒƒƒ
                  01/01/07           1      100.00             1       100.00

                                     Frequency Missing = 11


                                         Date dd.mm.yyyy

                                                        Cumulative    Cumulative
                     DATE05    Frequency     Percent     Frequency      Percent
                 ƒƒƒƒƒƒƒƒƒƒƒƒƒƒƒƒƒƒƒƒƒƒƒƒƒƒƒƒƒƒƒƒƒƒƒƒƒƒƒƒƒƒƒƒƒƒƒƒƒƒƒƒƒƒƒƒƒƒƒƒƒƒƒ
                 01/01/2007           1      100.00             1       100.00

                                     Frequency Missing = 11


                                          Date dd.mm.yy

                                                       Cumulative    Cumulative
                    DATE06    Frequency     Percent     Frequency      Percent
                  ƒƒƒƒƒƒƒƒƒƒƒƒƒƒƒƒƒƒƒƒƒƒƒƒƒƒƒƒƒƒƒƒƒƒƒƒƒƒƒƒƒƒƒƒƒƒƒƒƒƒƒƒƒƒƒƒƒƒƒƒƒ
                  01/01/07           1      100.00             1       100.00

                                     Frequency Missing = 11


                                          Date yyyyddd

                                                      Cumulative    Cumulative
                   DATE07    Frequency     Percent     Frequency      Percent
                  ƒƒƒƒƒƒƒƒƒƒƒƒƒƒƒƒƒƒƒƒƒƒƒƒƒƒƒƒƒƒƒƒƒƒƒƒƒƒƒƒƒƒƒƒƒƒƒƒƒƒƒƒƒƒƒƒƒƒƒƒ
                  2007361           1      100.00             1       100.00

                                     Frequency Missing = 11


                                            Date yyddd

                                                      Cumulative    Cumulative
                   DATE08    Frequency     Percent     Frequency      Percent
                   ƒƒƒƒƒƒƒƒƒƒƒƒƒƒƒƒƒƒƒƒƒƒƒƒƒƒƒƒƒƒƒƒƒƒƒƒƒƒƒƒƒƒƒƒƒƒƒƒƒƒƒƒƒƒƒƒƒƒƒ
                    07360           1      100.00             1       100.00

                                     Frequency Missing = 11
                                         The SAS System           19:06 Monday, March 3, 2008  12

                                       The FREQ Procedure

                                          Date q Q yyyy

                                                       Cumulative    Cumulative
                  DATE09      Frequency     Percent     Frequency      Percent
                  ƒƒƒƒƒƒƒƒƒƒƒƒƒƒƒƒƒƒƒƒƒƒƒƒƒƒƒƒƒƒƒƒƒƒƒƒƒƒƒƒƒƒƒƒƒƒƒƒƒƒƒƒƒƒƒƒƒƒƒƒƒ
                  1 Q 1989           1        8.33             1         8.33
                  1 Q 2000           1        8.33             2        16.67
                  1 Q 2001           1        8.33             3        25.00
                  1 Q 2006           1        8.33             4        33.33
                  1 Q 2007           1        8.33             5        41.67
                  1 Q 2010           1        8.33             6        50.00
                  2 Q 2002           1        8.33             7        58.33
                  2 Q 2009           1        8.33             8        66.67
                  2 Q 2011           1        8.33             9        75.00
                  3 Q 1987           1        8.33            10        83.33
                  3 Q 1988           1        8.33            11        91.67
                  3 Q 2012           1        8.33            12       100.00


                                           Date q Q yy

                                                      Cumulative    Cumulative
                   DATE10    Frequency     Percent     Frequency      Percent
                   ƒƒƒƒƒƒƒƒƒƒƒƒƒƒƒƒƒƒƒƒƒƒƒƒƒƒƒƒƒƒƒƒƒƒƒƒƒƒƒƒƒƒƒƒƒƒƒƒƒƒƒƒƒƒƒƒƒƒƒ
                   1 Q 00           1        8.33             1         8.33
                   1 Q 01           1        8.33             2        16.67
                   1 Q 06           1        8.33             3        25.00
                   1 Q 07           1        8.33             4        33.33
                   1 Q 10           1        8.33             5        41.67
                   1 Q 89           1        8.33             6        50.00
                   2 Q 02           1        8.33             7        58.33
                   2 Q 09           1        8.33             8        66.67
                   2 Q 11           1        8.33             9        75.00
                   3 Q 12           1        8.33            10        83.33
                   3 Q 87           1        8.33            11        91.67
                   3 Q 88           1        8.33            12       100.00


                                         The SAS System           19:06 Monday, March 3, 2008  13

                                       The FREQ Procedure

                                          Date mmm yyyy

                                                      Cumulative    Cumulative
                   DATE11    Frequency     Percent     Frequency      Percent
                  ƒƒƒƒƒƒƒƒƒƒƒƒƒƒƒƒƒƒƒƒƒƒƒƒƒƒƒƒƒƒƒƒƒƒƒƒƒƒƒƒƒƒƒƒƒƒƒƒƒƒƒƒƒƒƒƒƒƒƒƒ
                  JAN2001           1        8.33             1         8.33
                  FEB2001           1        8.33             2        16.67
                  MAR2001           1        8.33             3        25.00
                  APR2001           1        8.33             4        33.33
                  MAY2001           1        8.33             5        41.67
                  JUN2001           1        8.33             6        50.00
                  JUL2001           1        8.33             7        58.33
                  AUG2001           1        8.33             8        66.67
                  SEP2001           1        8.33             9        75.00
                  OCT2001           1        8.33            10        83.33
                  NOV2001           1        8.33            11        91.67
                  DEC2001           1        8.33            12       100.00


                                           Date mmm yy

                                                      Cumulative    Cumulative
                   DATE12    Frequency     Percent     Frequency      Percent
                   ƒƒƒƒƒƒƒƒƒƒƒƒƒƒƒƒƒƒƒƒƒƒƒƒƒƒƒƒƒƒƒƒƒƒƒƒƒƒƒƒƒƒƒƒƒƒƒƒƒƒƒƒƒƒƒƒƒƒƒ
                    JAN01           1        8.33             1         8.33
                    FEB01           1        8.33             2        16.67
                    MAR01           1        8.33             3        25.00
                    APR01           1        8.33             4        33.33
                    MAY01           1        8.33             5        41.67
                    JUN01           1        8.33             6        50.00
                    JUL01           1        8.33             7        58.33
                    AUG01           1        8.33             8        66.67
                    SEP01           1        8.33             9        75.00
                    OCT01           1        8.33            10        83.33
                    NOV01           1        8.33            11        91.67
                    DEC01           1        8.33            12       100.00


                                         The SAS System           19:06 Monday, March 3, 2008  14

                                       The FREQ Procedure

                                         Date ww WK yyyy

                                                        Cumulative    Cumulative
                 DATE13        Frequency     Percent     Frequency      Percent
                 ƒƒƒƒƒƒƒƒƒƒƒƒƒƒƒƒƒƒƒƒƒƒƒƒƒƒƒƒƒƒƒƒƒƒƒƒƒƒƒƒƒƒƒƒƒƒƒƒƒƒƒƒƒƒƒƒƒƒƒƒƒƒƒ
                  1 WK 2001           1        8.33             1         8.33
                  2 WK 2002           1        8.33             2        16.67
                  3 WK 2003           1        8.33             3        25.00
                  4 WK 2004           1        8.33             4        33.33
                  5 WK 2005           1        8.33             5        41.67
                  6 WK 2006           1        8.33             6        50.00
                  7 WK 2007           1        8.33             7        58.33
                  8 WK 2008           1        8.33             8        66.67
                  9 WK 2009           1        8.33             9        75.00
                 10 WK 2010           1        8.33            10        83.33
                 11 WK 2011           1        8.33            11        91.67
                 12 WK 2012           1        8.33            12       100.00


                                          Date ww WK yy

                                                       Cumulative    Cumulative
                  DATE14      Frequency     Percent     Frequency      Percent
                  ƒƒƒƒƒƒƒƒƒƒƒƒƒƒƒƒƒƒƒƒƒƒƒƒƒƒƒƒƒƒƒƒƒƒƒƒƒƒƒƒƒƒƒƒƒƒƒƒƒƒƒƒƒƒƒƒƒƒƒƒƒ
                   1 WK 01           1        8.33             1         8.33
                   2 WK 02           1        8.33             2        16.67
                   3 WK 03           1        8.33             3        25.00
                   4 WK 04           1        8.33             4        33.33
                   5 WK 05           1        8.33             5        41.67
                   6 WK 06           1        8.33             6        50.00
                   7 WK 07           1        8.33             7        58.33
                   8 WK 08           1        8.33             8        66.67
                   9 WK 09           1        8.33             9        75.00
                  10 WK 10           1        8.33            10        83.33
                  11 WK 11           1        8.33            11        91.67
                  12 WK 12           1        8.33            12       100.00


                                     Date dd-mmm-yyyy hh:mm

                                                           Cumulative    Cumulative
                        DATE15    Frequency     Percent     Frequency      Percent
             ƒƒƒƒƒƒƒƒƒƒƒƒƒƒƒƒƒƒƒƒƒƒƒƒƒƒƒƒƒƒƒƒƒƒƒƒƒƒƒƒƒƒƒƒƒƒƒƒƒƒƒƒƒƒƒƒƒƒƒƒƒƒƒƒƒƒƒƒƒƒ
              01JAN07:13:01:00           1      100.00             1       100.00

                                     Frequency Missing = 11
                                         The SAS System           19:06 Monday, March 3, 2008  15

                                       The FREQ Procedure

                                    Date dd-mmm-yyyy hh:mm:ss

                                                             Cumulative    Cumulative
                          DATE16    Frequency     Percent     Frequency      Percent
            ƒƒƒƒƒƒƒƒƒƒƒƒƒƒƒƒƒƒƒƒƒƒƒƒƒƒƒƒƒƒƒƒƒƒƒƒƒƒƒƒƒƒƒƒƒƒƒƒƒƒƒƒƒƒƒƒƒƒƒƒƒƒƒƒƒƒƒƒƒƒƒƒƒ
              01JAN2007:13:01:00           1      100.00             1       100.00

                                     Frequency Missing = 11


                                  Date dd-mmn-yyyy hh:mm:ss.ss

                                                              Cumulative    Cumulative
                           DATE17    Frequency     Percent     Frequency      Percent
          ƒƒƒƒƒƒƒƒƒƒƒƒƒƒƒƒƒƒƒƒƒƒƒƒƒƒƒƒƒƒƒƒƒƒƒƒƒƒƒƒƒƒƒƒƒƒƒƒƒƒƒƒƒƒƒƒƒƒƒƒƒƒƒƒƒƒƒƒƒƒƒƒƒƒƒƒ
               01JAN2007:13:01:01           1      100.00             1       100.00

                                     Frequency Missing = 11


                                            Date hh:mm

                                                      Cumulative    Cumulative
                   DATE18    Frequency     Percent     Frequency      Percent
                   ƒƒƒƒƒƒƒƒƒƒƒƒƒƒƒƒƒƒƒƒƒƒƒƒƒƒƒƒƒƒƒƒƒƒƒƒƒƒƒƒƒƒƒƒƒƒƒƒƒƒƒƒƒƒƒƒƒƒƒ
                    13:01           1      100.00             1       100.00

                                     Frequency Missing = 11


                                          Date hh:mm:ss

                                                       Cumulative    Cumulative
                    DATE19    Frequency     Percent     Frequency      Percent
                  ƒƒƒƒƒƒƒƒƒƒƒƒƒƒƒƒƒƒƒƒƒƒƒƒƒƒƒƒƒƒƒƒƒƒƒƒƒƒƒƒƒƒƒƒƒƒƒƒƒƒƒƒƒƒƒƒƒƒƒƒƒ
                  13:01:47           1      100.00             1       100.00

                                     Frequency Missing = 11


                                        Date hh:mm:ss.ss

                                                        Cumulative    Cumulative
                     DATE20    Frequency     Percent     Frequency      Percent
                ƒƒƒƒƒƒƒƒƒƒƒƒƒƒƒƒƒƒƒƒƒƒƒƒƒƒƒƒƒƒƒƒƒƒƒƒƒƒƒƒƒƒƒƒƒƒƒƒƒƒƒƒƒƒƒƒƒƒƒƒƒƒƒƒ
                   13:01:37           1      100.00             1       100.00

                                     Frequency Missing = 11
                                         The SAS System           19:06 Monday, March 3, 2008  16

                                       The FREQ Procedure

                                         Date ddd:hh:mm

                                                       Cumulative    Cumulative
                 DATE21       Frequency     Percent     Frequency      Percent
                 ƒƒƒƒƒƒƒƒƒƒƒƒƒƒƒƒƒƒƒƒƒƒƒƒƒƒƒƒƒƒƒƒƒƒƒƒƒƒƒƒƒƒƒƒƒƒƒƒƒƒƒƒƒƒƒƒƒƒƒƒƒƒ
                 022:13:01           1      100.00             1       100.00

                                     Frequency Missing = 11


                                        Date ddd:hh:mm:ss

                                                         Cumulative    Cumulative
                DATE22          Frequency     Percent     Frequency      Percent
                ƒƒƒƒƒƒƒƒƒƒƒƒƒƒƒƒƒƒƒƒƒƒƒƒƒƒƒƒƒƒƒƒƒƒƒƒƒƒƒƒƒƒƒƒƒƒƒƒƒƒƒƒƒƒƒƒƒƒƒƒƒƒƒƒƒ
                022:13:01:22           1      100.00             1       100.00

                                     Frequency Missing = 11


                                      Date ddd:hh:mm:ss.ss

                                                          Cumulative    Cumulative
              DATE23             Frequency     Percent     Frequency      Percent
              ƒƒƒƒƒƒƒƒƒƒƒƒƒƒƒƒƒƒƒƒƒƒƒƒƒƒƒƒƒƒƒƒƒƒƒƒƒƒƒƒƒƒƒƒƒƒƒƒƒƒƒƒƒƒƒƒƒƒƒƒƒƒƒƒƒƒƒƒ
              022:13:01:24.58           1      100.00             1       100.00

                                     Frequency Missing = 11


                                    Date Monday, Tuesday,...

                                                       Cumulative    Cumulative
                 DATE24       Frequency     Percent     Frequency      Percent
                 ƒƒƒƒƒƒƒƒƒƒƒƒƒƒƒƒƒƒƒƒƒƒƒƒƒƒƒƒƒƒƒƒƒƒƒƒƒƒƒƒƒƒƒƒƒƒƒƒƒƒƒƒƒƒƒƒƒƒƒƒƒƒ
                    FRIDAY           2       16.67             2        16.67
                    MONDAY           2       16.67             4        33.33
                    SUNDAY           1        8.33             5        41.67
                   TUESDAY           2       16.67             7        58.33
                  SATURDAY           1        8.33             8        66.67
                  THURSDAY           2       16.67            10        83.33
                 WEDNESDAY           2       16.67            12       100.00


                                         The SAS System           19:06 Monday, March 3, 2008  17

                                       The FREQ Procedure

                                      Date Mon,Tue,Wed,...

                                                      Cumulative    Cumulative
                   DATE25    Frequency     Percent     Frequency      Percent
                   ƒƒƒƒƒƒƒƒƒƒƒƒƒƒƒƒƒƒƒƒƒƒƒƒƒƒƒƒƒƒƒƒƒƒƒƒƒƒƒƒƒƒƒƒƒƒƒƒƒƒƒƒƒƒƒƒƒƒƒ
                   FRI              2       16.67             2        16.67
                   MON              2       16.67             4        33.33
                   SAT              1        8.33             5        41.67
                   SUN              1        8.33             6        50.00
                   THU              2       16.67             8        66.67
                   TUE              2       16.67            10        83.33
                   WED              2       16.67            12       100.00


                                      Date Jan,Feb,Mar,...

                                                      Cumulative    Cumulative
                   DATE26    Frequency     Percent     Frequency      Percent
                   ƒƒƒƒƒƒƒƒƒƒƒƒƒƒƒƒƒƒƒƒƒƒƒƒƒƒƒƒƒƒƒƒƒƒƒƒƒƒƒƒƒƒƒƒƒƒƒƒƒƒƒƒƒƒƒƒƒƒƒ
                   APR              1        8.33             1         8.33
                   AUG              1        8.33             2        16.67
                   DEC              1        8.33             3        25.00
                   FEB              1        8.33             4        33.33
                   JAN              1        8.33             5        41.67
                   JUL              1        8.33             6        50.00
                   JUN              1        8.33             7        58.33
                   MAR              1        8.33             8        66.67
                   MAY              1        8.33             9        75.00
                   NOV              1        8.33            10        83.33
                   OCT              1        8.33            11        91.67
                   SEP              1        8.33            12       100.00


                                         Dollar variable

                                                          Cumulative    Cumulative
                       DOLLAR    Frequency     Percent     Frequency      Percent
              ƒƒƒƒƒƒƒƒƒƒƒƒƒƒƒƒƒƒƒƒƒƒƒƒƒƒƒƒƒƒƒƒƒƒƒƒƒƒƒƒƒƒƒƒƒƒƒƒƒƒƒƒƒƒƒƒƒƒƒƒƒƒƒƒƒƒƒƒ
                   -10,000.00           1        8.33             1         8.33
                      -900.00           1        8.33             2        16.67
                        -1.20           1        8.33             3        25.00
                         1.00           1        8.33             4        33.33
                         2.00           1        8.33             5        41.67
                         3.00           1        8.33             6        50.00
                         4.00           1        8.33             7        58.33
                         5.00           1        8.33             8        66.67
                         6.00           1        8.33             9        75.00
                       700.00           1        8.33            10        83.33
                     8,000.00           1        8.33            11        91.67
                 1,100,000.00           1        8.33            12       100.00
                                         The SAS System           19:06 Monday, March 3, 2008  18

                                       The FREQ Procedure

                                        Custom currency A

                                                       Cumulative    Cumulative
                   CUSTOMA    Frequency     Percent     Frequency      Percent
                  ƒƒƒƒƒƒƒƒƒƒƒƒƒƒƒƒƒƒƒƒƒƒƒƒƒƒƒƒƒƒƒƒƒƒƒƒƒƒƒƒƒƒƒƒƒƒƒƒƒƒƒƒƒƒƒƒƒƒƒƒƒ
                   -333.30           1        8.33             1         8.33
                    -66.00           1        8.33             2        16.67
                     -7.00           1        8.33             3        25.00
                      1.00           1        8.33             4        33.33
                      2.22           1        8.33             5        41.67
                     10.00           1        8.33             6        50.00
                     11.00           1        8.33             7        58.33
                     12.00           1        8.33             8        66.67
                     99.99           1        8.33             9        75.00
                    888.00           1        8.33            10        83.33
                  4,400.00           1        8.33            11        91.67
                  5,555.00           1        8.33            12       100.00


                                        Custom currency B

                                                      Cumulative    Cumulative
                  CUSTOMB    Frequency     Percent     Frequency      Percent
                  ƒƒƒƒƒƒƒƒƒƒƒƒƒƒƒƒƒƒƒƒƒƒƒƒƒƒƒƒƒƒƒƒƒƒƒƒƒƒƒƒƒƒƒƒƒƒƒƒƒƒƒƒƒƒƒƒƒƒƒƒ
                        1           1       11.11             1        11.11
                        2           1       11.11             2        22.22
                        3           1       11.11             3        33.33
                        4           1       11.11             4        44.44
                        5           1       11.11             5        55.56
                        6           1       11.11             6        66.67
                        7           1       11.11             7        77.78
                        8           1       11.11             8        88.89
                        9           1       11.11             9       100.00

                                      Frequency Missing = 3


                                         The SAS System           19:06 Monday, March 3, 2008  19

                                       The FREQ Procedure

                                       String variable (8)

                                                                Cumulative    Cumulative
         STR8                          Frequency     Percent     Frequency      Percent
         ƒƒƒƒƒƒƒƒƒƒƒƒƒƒƒƒƒƒƒƒƒƒƒƒƒƒƒƒƒƒƒƒƒƒƒƒƒƒƒƒƒƒƒƒƒƒƒƒƒƒƒƒƒƒƒƒƒƒƒƒƒƒƒƒƒƒƒƒƒƒƒƒƒƒƒƒƒƒƒ
         eight                                1        8.33             1         8.33
         eleven                               1        8.33             2        16.67
         five                                 1        8.33             3        25.00
         four                                 1        8.33             4        33.33
         nine                                 1        8.33             5        41.67
         one                                  1        8.33             6        50.00
         seven                                1        8.33             7        58.33
         six                                  1        8.33             8        66.67
         ten                                  1        8.33             9        75.00
         three                                1        8.33            10        83.33
         twelve                               1        8.33            11        91.67
         two                                  1        8.33            12       100.00


                                      String variable (250)

                                                                           Cumulative  Cumulative
STR250                                                Frequency   Percent   Frequency    Percent
ƒƒƒƒƒƒƒƒƒƒƒƒƒƒƒƒƒƒƒƒƒƒƒƒƒƒƒƒƒƒƒƒƒƒƒƒƒƒƒƒƒƒƒƒƒƒƒƒƒƒƒƒƒƒƒƒƒƒƒƒƒƒƒƒƒƒƒƒƒƒƒƒƒƒƒƒƒƒƒƒƒƒƒƒƒƒƒƒƒƒƒƒƒƒƒƒƒ
        8 spaces in front                                    1     16.67           1      16.67
Contains "double-quotes"                                     1     16.67           2      33.33
Lorem ipsum dolor sit amet, consectetur adipisicing          1     16.67           3      50.00
elit, sed do eiusmod tempor incididunt ut labore et
dolore magna aliqua. Ut enim ad minim...
the quick brown fox jumps over the lazy dog                  1     16.67           4      66.67
this is a looooooooong string                                1     16.67           5      83.33
two hundred and fifty                                        1     16.67           6     100.00

                                      Frequency Missing = 6


                                           Yes/No/Maybe

                                                       Cumulative    Cumulative
                  YESNOMAY    Frequency     Percent     Frequency      Percent
                  ƒƒƒƒƒƒƒƒƒƒƒƒƒƒƒƒƒƒƒƒƒƒƒƒƒƒƒƒƒƒƒƒƒƒƒƒƒƒƒƒƒƒƒƒƒƒƒƒƒƒƒƒƒƒƒƒƒƒƒƒƒ
                     No              2       20.00             2        20.00
                     Yes             4       40.00             6        60.00
                     Maybe           4       40.00            10       100.00

                                      Frequency Missing = 2
                                         The SAS System           19:06 Monday, March 3, 2008  20

                                       The FREQ Procedure

                                         Weight variable

                                                       Cumulative    Cumulative
                   WEIGHT1    Frequency     Percent     Frequency      Percent
                  ƒƒƒƒƒƒƒƒƒƒƒƒƒƒƒƒƒƒƒƒƒƒƒƒƒƒƒƒƒƒƒƒƒƒƒƒƒƒƒƒƒƒƒƒƒƒƒƒƒƒƒƒƒƒƒƒƒƒƒƒƒ
                        10           1        8.33             1         8.33
                        20           1        8.33             2        16.67
                        30           1        8.33             3        25.00
                        40           1        8.33             4        33.33
                        50           1        8.33             5        41.67
                        60           1        8.33             6        50.00
                        70           1        8.33             7        58.33
                        80           1        8.33             8        66.67
                        90           1        8.33             9        75.00
                       100           1        8.33            10        83.33
                    110000           1        8.33            11        91.67
                  12000000           1        8.33            12       100.00
